<?xml version="1.0" encoding="UTF-8"?>
<testsuite xmlns:xsi="http://www.w3.org/2001/XMLSchema-instance" xsi:schemaLocation="https://maven.apache.org/surefire/maven-surefire-plugin/xsd/surefire-test-report.xsd" name="com.mulesoft.ScatterGatherLabTestCase" time="6.962" tests="1" errors="1" skipped="0" failures="0">
  <properties>
[...]
</properties>
  <testcase name="testAuctionService" classname="com.mulesoft.ScatterGatherLabTestCase" time="4.719">
    <error message="Error creating bean with name &apos;HTTP_Listener_8081&apos;: Initialization of bean failed; nested exception is org.springframework.beans.TypeMismatchException: Failed to convert property value of type [java.lang.String] to required type [int] for property &apos;port&apos;; nested exception is java.lang.NumberFormatException: For input string: &quot;${http.port}&quot; (org.mule.api.lifecycle.InitialisationException)" type="org.mule.api.config.ConfigurationException">org.mule.api.config.ConfigurationException: Error creating bean with name 'HTTP_Listener_8081': Initialization of bean failed; nested exception is org.springframework.beans.TypeMismatchException: Failed to convert property value of type [java.lang.String] to required type [int] for property 'port'; nested exception is java.lang.NumberFormatException: For input string: "${http.port}" (org.mule.api.lifecycle.InitialisationException)
Caused by: org.mule.api.lifecycle.InitialisationException: Error creating bean with name 'HTTP_Listener_8081': Initialization of bean failed; nested exception is org.springframework.beans.TypeMismatchException: Failed to convert property value of type [java.lang.String] to required type [int] for property 'port'; nested exception is java.lang.NumberFormatException: For input string: "${http.port}"
Caused by: org.springframework.beans.factory.BeanCreationException: Error creating bean with name 'HTTP_Listener_8081': Initialization of bean failed; nested exception is org.springframework.beans.TypeMismatchException: Failed to convert property value of type [java.lang.String] to required type [int] for property 'port'; nested exception is java.lang.NumberFormatException: For input string: "${http.port}"
Caused by: org.springframework.beans.TypeMismatchException: Failed to convert property value of type [java.lang.String] to required type [int] for property 'port'; nested exception is java.lang.NumberFormatException: For input string: "${http.port}"
Caused by: java.lang.NumberFormatException: For input string: "${http.port}"
</error>
    <system-out><![CDATA[
================================================================================
= Testing: testAuctionService                                                  =
================================================================================
WARN  2017-10-04 14:29:45,999 [Time-limited test] org.mule.config.spring.MuleArtifactContext: Exception encountered during context initialization - cancelling refresh attempt: org.springframework.beans.factory.BeanCreationException: Error creating bean with name 'HTTP_Listener_8081': Initialization of bean failed; nested exception is org.springframework.beans.TypeMismatchException: Failed to convert property value of type [java.lang.String] to required type [int] for property 'port'; nested exception is java.lang.NumberFormatException: For input string: "${http.port}"
]]></system-out>
  </testcase>
</testsuite>